<?xml version="1.0" encoding="UTF-8"?>
<!-- Generated by org.testng.reporters.JUnitXMLReporter -->
<testsuite hostname="DESKTOP-RTGTF08" ignored="4" name="Command line test" tests="11" failures="4" timestamp="24 Nov 2021 14:25:23 GMT" time="16.653" errors="0">
  <testcase name="accountPageUrlTest" time="0.014" classname="com.qa.opencart.test.AccountsPageTest"/>
  <testcase name="accountsPageList" time="1.143" classname="com.qa.opencart.test.AccountsPageTest"/>
  <testcase name="accountPageHeadersTest" time="0.147" classname="com.qa.opencart.test.AccountsPageTest"/>
  <testcase name="loginPageTitleTest" time="0.0" classname="com.qa.opencart.test.LoginPageTest">
    <failure type="java.lang.NullPointerException">
      <![CDATA[java.lang.NullPointerException
at com.qa.opencart.test.LoginPageTest.loginPageTitleTest(LoginPageTest.java:12)
... Removed 35 stack frames]]>
    </failure>
  </testcase> <!-- loginPageTitleTest -->
  <testcase name="accountsPageFootersTest" time="0.194" classname="com.qa.opencart.test.AccountsPageTest"/>
  <testcase name="forgottentPwdLinkTest" time="0.001" classname="com.qa.opencart.test.LoginPageTest">
    <failure type="java.lang.NullPointerException">
      <![CDATA[java.lang.NullPointerException
at com.qa.opencart.test.LoginPageTest.forgottentPwdLinkTest(LoginPageTest.java:24)
... Removed 35 stack frames]]>
    </failure>
  </testcase> <!-- forgottentPwdLinkTest -->
  <testcase name="logOutTest" time="0.238" classname="com.qa.opencart.test.AccountsPageTest"/>
  <testcase name="loginLinkTest" time="0.0" classname="com.qa.opencart.test.LoginPageTest">
    <failure type="java.lang.NullPointerException">
      <![CDATA[java.lang.NullPointerException
at com.qa.opencart.test.LoginPageTest.loginLinkTest(LoginPageTest.java:29)
... Removed 35 stack frames]]>
    </failure>
  </testcase> <!-- loginLinkTest -->
  <testcase name="LoginAppTest" time="0.001" classname="com.qa.opencart.test.LoginPageTest">
    <failure type="java.lang.NullPointerException">
      <![CDATA[java.lang.NullPointerException
at com.qa.opencart.test.LoginPageTest.LoginAppTest(LoginPageTest.java:19)
... Removed 35 stack frames]]>
    </failure>
  </testcase> <!-- LoginAppTest -->
  <testcase name="selectProductTest" time="5.281" classname="com.qa.opencart.test.AccountsPageTest"/>
  <testcase name="checkProductBrand" time="0.146" classname="com.qa.opencart.test.AccountsPageTest"/>
  <testcase name="@BeforeTest setUp" time="0.0" classname="com.qa.opencart.test.BaseTest">
    <ignored/>
  </testcase> <!-- @BeforeTest setUp -->
  <testcase name="@BeforeTest setUp" time="0.0" classname="com.qa.opencart.test.BaseTest">
    <ignored/>
  </testcase> <!-- @BeforeTest setUp -->
  <testcase name="@AfterTest tearDown" time="0.0" classname="com.qa.opencart.test.BaseTest">
    <ignored/>
  </testcase> <!-- @AfterTest tearDown -->
  <testcase name="@AfterTest tearDown" time="0.0" classname="com.qa.opencart.test.BaseTest">
    <ignored/>
  </testcase> <!-- @AfterTest tearDown -->
</testsuite> <!-- Command line test -->
